<?xml version="1.0" encoding="UTF-8"?>
<!-- Generated by org.testng.reporters.JUnitReportReporter -->
<testsuite skipped="0" hostname="TNINCHD030" name="LearnSelenium.MainClass" tests="2" failures="0" timestamp="06 Aug 2019 11:06:35 GMT" time="0.026" errors="0">
  <testcase name="LaunchBrowser" time="0.026" classname="LearnSelenium.MainClass"/>
  <testcase name="Test2" time="0.000" classname="LearnSelenium.MainClass"/>
</testsuite> <!-- LearnSelenium.MainClass -->
